<?xml version="1.0" encoding="UTF-8"?>
<!-- Generated by org.testng.reporters.JUnitReportReporter -->
<testsuite hostname="LAP673" failures="0" tests="7" name="Trial1.TestSuite" time="73.161" errors="0" timestamp="2021-01-27T10:53:30 IST" skipped="0">
  <testcase classname="Trial1.TestSuite" name="testcase5" time="15.318"/>
  <system-out/>
  <testcase classname="Trial1.TestSuite" name="testcase1" time="3.118"/>
  <system-out/>
  <testcase classname="Trial1.TestSuite" name="testcase4" time="10.659"/>
  <system-out/>
  <testcase classname="Trial1.TestSuite" name="testcase7" time="12.871"/>
  <system-out/>
  <testcase classname="Trial1.TestSuite" name="testcase2" time="5.969"/>
  <system-out/>
  <testcase classname="Trial1.TestSuite" name="testcase6" time="17.753"/>
  <system-out/>
  <testcase classname="Trial1.TestSuite" name="testcase3" time="7.473"/>
  <system-out/>
</testsuite> <!-- Trial1.TestSuite -->
