<?xml version="1.0" encoding="UTF-8"?>
<!-- Generated by org.testng.reporters.JUnitReportReporter -->
<testsuite hostname="LAP673" failures="0" tests="1" name="Trial1.HomePage" time="3.288" errors="0" timestamp="2021-01-26T14:17:04 IST" skipped="0">
  <testcase classname="Trial1.HomePage" name="testcase1" time="3.288"/>
  <system-out/>
</testsuite> <!-- Trial1.HomePage -->
